mode: set
submit_meter_readings/bot/bot.go:23.69,25.16 2 0
submit_meter_readings/bot/bot.go:25.16,27.3 1 0
submit_meter_readings/bot/bot.go:27.8,29.3 1 0
submit_meter_readings/bot/bot.go:32.77,34.16 2 0
submit_meter_readings/bot/bot.go:34.16,36.3 1 0
submit_meter_readings/bot/bot.go:36.8,38.3 1 0
submit_meter_readings/bot/bot.go:50.76,52.16 2 0
submit_meter_readings/bot/bot.go:52.16,54.3 1 0
submit_meter_readings/bot/bot.go:57.2,63.8 1 0
submit_meter_readings/bot/bot.go:66.23,69.2 2 0
submit_meter_readings/bot/handler.go:10.31,13.30 2 0
submit_meter_readings/bot/handler.go:13.30,16.10 2 0
submit_meter_readings/bot/handler.go:17.30,18.40 1 0
submit_meter_readings/bot/handler.go:19.36,20.47 1 0
submit_meter_readings/bot/handler.go:23.3,23.11 1 0
submit_meter_readings/bot/handlerCallback.go:10.82,14.20 3 1
submit_meter_readings/bot/handlerCallback.go:15.19,16.48 1 1
submit_meter_readings/bot/handlerCallback.go:17.21,18.50 1 1
submit_meter_readings/bot/handlerCallback.go:19.27,20.74 1 1
submit_meter_readings/bot/handlerGetReading.go:12.66,21.2 5 1
submit_meter_readings/bot/handlerGetReading.go:23.101,25.16 2 0
submit_meter_readings/bot/handlerGetReading.go:25.16,28.3 2 0
submit_meter_readings/bot/handlerGetReading.go:30.2,30.27 1 0
submit_meter_readings/bot/handlerGetReading.go:31.20,32.44 1 0
submit_meter_readings/bot/handlerGetReading.go:33.19,34.43 1 0
submit_meter_readings/bot/handlerGetReading.go:35.25,36.49 1 0
submit_meter_readings/bot/handlerGetReading.go:37.27,38.56 1 0
submit_meter_readings/bot/handlerGetReading.go:42.88,47.2 4 0
submit_meter_readings/bot/handlerGetReading.go:49.87,54.2 4 0
submit_meter_readings/bot/handlerGetReading.go:56.93,61.2 4 0
submit_meter_readings/bot/handlerGetReading.go:63.116,67.16 3 0
submit_meter_readings/bot/handlerGetReading.go:67.16,71.3 3 0
submit_meter_readings/bot/handlerGetReading.go:73.2,76.35 4 0
submit_meter_readings/bot/handlerGetReading.go:79.96,86.2 2 0
submit_meter_readings/bot/handlerGetReading.go:88.48,105.2 4 0
submit_meter_readings/bot/handlerGetReading.go:107.40,123.2 2 0
submit_meter_readings/bot/handlerMessage.go:11.73,12.22 1 0
submit_meter_readings/bot/handlerMessage.go:12.22,13.49 1 0
submit_meter_readings/bot/handlerMessage.go:13.49,16.4 2 0
submit_meter_readings/bot/handlerMessage.go:19.2,19.23 1 0
submit_meter_readings/bot/handlerMessage.go:20.15,21.33 1 0
submit_meter_readings/bot/handlerMessage.go:22.16,23.34 1 0
submit_meter_readings/bot/handlerMessage.go:27.78,30.58 2 0
submit_meter_readings/bot/handlerMessage.go:30.58,34.3 3 0
submit_meter_readings/bot/handlerMessage.go:36.2,38.45 2 0
submit_meter_readings/bot/handlerMessage.go:38.45,40.3 1 0
submit_meter_readings/bot/handlerMessage.go:43.79,47.16 3 0
submit_meter_readings/bot/handlerMessage.go:47.16,51.3 3 0
submit_meter_readings/bot/handlerMessage.go:53.2,54.19 2 0
submit_meter_readings/bot/handlerMessage.go:54.19,56.3 1 0
submit_meter_readings/bot/handlerMessage.go:58.2,58.38 1 0
submit_meter_readings/bot/handlerMessage.go:61.52,63.43 2 0
submit_meter_readings/bot/handlerMessage.go:63.43,65.3 1 0
submit_meter_readings/bot/handlerSubmitted.go:10.111,12.16 2 1
submit_meter_readings/bot/handlerSubmitted.go:12.16,17.3 4 1
submit_meter_readings/bot/handlerSubmitted.go:18.2,21.39 4 1
submit_meter_readings/bot/handlerUnsubscribe.go:10.113,11.60 1 1
submit_meter_readings/bot/handlerUnsubscribe.go:11.60,16.3 4 1
submit_meter_readings/bot/handlerUnsubscribe.go:17.2,20.39 4 1
submit_meter_readings/bot/reminder.go:11.31,20.28 5 0
submit_meter_readings/bot/reminder.go:20.28,26.3 4 0
submit_meter_readings/bot/reminder.go:29.101,31.26 2 0
submit_meter_readings/bot/reminder.go:31.26,34.17 3 0
submit_meter_readings/bot/reminder.go:34.17,36.4 1 0
submit_meter_readings/bot/reminder.go:36.9,38.4 1 0
submit_meter_readings/bot/reminder.go:40.2,40.23 1 0
submit_meter_readings/bot/reminder.go:43.89,49.53 5 0
submit_meter_readings/bot/reminder.go:49.53,51.3 1 0
submit_meter_readings/bot/reminder.go:53.2,54.46 2 0
submit_meter_readings/bot/reminder.go:54.46,57.3 2 0
submit_meter_readings/bot/reminder.go:58.2,58.23 1 0
submit_meter_readings/bot/reminder.go:61.58,64.16 2 1
submit_meter_readings/bot/reminder.go:64.16,67.3 2 1
submit_meter_readings/bot/reminder.go:69.2,69.31 1 1
submit_meter_readings/bot/reminder.go:69.31,72.3 2 1
submit_meter_readings/bot/reminder.go:86.60,90.2 3 1
